<?xml version="1.0" encoding="UTF-8"?>
<testng-results skipped="0" failed="0" ignored="0" total="6" passed="6">
  <reporter-output>
  </reporter-output>
  <suite name="All Test Suite" duration-ms="73" started-at="2021-02-02T23:13:52 EST" finished-at="2021-02-02T23:13:52 EST">
    <groups>
    </groups>
    <test name="C:/Users/Anupama/IdeaProjects/mavenjava" duration-ms="73" started-at="2021-02-02T23:13:52 EST" finished-at="2021-02-02T23:13:52 EST">
      <class name="qaclickacademy.AppiumTest">
        <test-method status="PASS" signature="nativeAPAndroid()[pri:0, instance:qaclickacademy.AppiumTest@369f73a2]" name="nativeAPAndroid" duration-ms="7" started-at="2021-02-02T23:13:52 EST" finished-at="2021-02-02T23:13:52 EST">
          <reporter-output>
          </reporter-output>
        </test-method> <!-- nativeAPAndroid -->
        <test-method status="PASS" signature="IOSApps()[pri:0, instance:qaclickacademy.AppiumTest@369f73a2]" name="IOSApps" duration-ms="1" started-at="2021-02-02T23:13:52 EST" finished-at="2021-02-02T23:13:52 EST">
          <reporter-output>
          </reporter-output>
        </test-method> <!-- IOSApps -->
      </class> <!-- qaclickacademy.AppiumTest -->
      <class name="qaclickacademy.RestAPITest">
        <test-method status="PASS" signature="postJira()[pri:0, instance:qaclickacademy.RestAPITest@1f28c152]" name="postJira" duration-ms="1" started-at="2021-02-02T23:13:52 EST" finished-at="2021-02-02T23:13:52 EST">
          <reporter-output>
          </reporter-output>
        </test-method> <!-- postJira -->
        <test-method status="PASS" signature="deleteTwitter()[pri:0, instance:qaclickacademy.RestAPITest@1f28c152]" name="deleteTwitter" duration-ms="0" started-at="2021-02-02T23:13:52 EST" finished-at="2021-02-02T23:13:52 EST">
          <reporter-output>
          </reporter-output>
        </test-method> <!-- deleteTwitter -->
      </class> <!-- qaclickacademy.RestAPITest -->
      <class name="qaclickacademy.SeleniumTest">
        <test-method status="PASS" signature="browserAutomation()[pri:0, instance:qaclickacademy.SeleniumTest@7d907bac]" name="browserAutomation" duration-ms="0" started-at="2021-02-02T23:13:52 EST" finished-at="2021-02-02T23:13:52 EST">
          <reporter-output>
          </reporter-output>
        </test-method> <!-- browserAutomation -->
        <test-method status="PASS" signature="elementsUI()[pri:0, instance:qaclickacademy.SeleniumTest@7d907bac]" name="elementsUI" duration-ms="0" started-at="2021-02-02T23:13:52 EST" finished-at="2021-02-02T23:13:52 EST">
          <reporter-output>
          </reporter-output>
        </test-method> <!-- elementsUI -->
      </class> <!-- qaclickacademy.SeleniumTest -->
    </test> <!-- C:/Users/Anupama/IdeaProjects/mavenjava -->
  </suite> <!-- All Test Suite -->
</testng-results>
